<?xml version="1.0" encoding="UTF-8"?>
<testsuite xmlns:xsi="http://www.w3.org/2001/XMLSchema-instance" xsi:noNamespaceSchemaLocation="https://maven.apache.org/surefire/maven-surefire-plugin/xsd/surefire-test-report-3.0.xsd" version="3.0" name="com.reactivespring.MoviesReviewServiceApplicationTests" time="1.573" tests="1" errors="0" skipped="0" failures="0">
  <properties>
[...]
</properties>
  <testcase name="contextLoads" classname="com.reactivespring.MoviesReviewServiceApplicationTests" time="0.469">
    <system-out><![CDATA[18:08:02.659 [main] INFO org.springframework.test.context.support.AnnotationConfigContextLoaderUtils -- Could not detect default configuration classes for test class [com.reactivespring.MoviesReviewServiceApplicationTests]: MoviesReviewServiceApplicationTests does not declare any static, non-private, non-final, nested classes annotated with @Configuration.
18:08:02.704 [main] INFO org.springframework.boot.test.context.SpringBootTestContextBootstrapper -- Found @SpringBootConfiguration com.reactivespring.MoviesReviewServiceApplication for test class com.reactivespring.MoviesReviewServiceApplicationTests
  .   ____          _            __ _ _
 /\\ / ___'_ __ _ _(_)_ __  __ _ \ \ \ \
( ( )\___ | '_ | '_| | '_ \/ _` | \ \ \ \
 \\/  ___)| |_)| | | | | || (_| |  ) ) ) )
  '  |____| .__|_| |_|_| |_\__, | / / / /
 =========|_|==============|___/=/_/_/_/

 :: Spring Boot ::                (v3.3.0)

2024-12-14T18:08:02.867+05:30  INFO 32155 --- [           main] c.r.MoviesReviewServiceApplicationTests  : Starting MoviesReviewServiceApplicationTests using Java 21.0.5 with PID 32155 (started by sohailkhan in /Users/sohailkhan/Downloads/reactive-spring-webflux-main/movies-review-service)
2024-12-14T18:08:02.868+05:30  INFO 32155 --- [           main] c.r.MoviesReviewServiceApplicationTests  : No active profile set, falling back to 1 default profile: "default"
2024-12-14T18:08:03.490+05:30  INFO 32155 --- [           main] o.s.b.a.e.web.EndpointLinksResolver      : Exposing 1 endpoint beneath base path '/actuator'
2024-12-14T18:08:03.674+05:30  INFO 32155 --- [           main] c.r.MoviesReviewServiceApplicationTests  : Started MoviesReviewServiceApplicationTests in 0.91 seconds (process running for 1.331)
]]></system-out>
    <system-err><![CDATA[WARNING: A Java agent has been loaded dynamically (/Users/sohailkhan/.m2/repository/net/bytebuddy/byte-buddy-agent/1.14.16/byte-buddy-agent-1.14.16.jar)
WARNING: If a serviceability tool is in use, please run with -XX:+EnableDynamicAgentLoading to hide this warning
WARNING: If a serviceability tool is not in use, please run with -Djdk.instrument.traceUsage for more information
WARNING: Dynamic loading of agents will be disallowed by default in a future release
]]></system-err>
  </testcase>
</testsuite>