<?xml version="1.0" encoding="UTF-8"?>
<testsuite xmlns:xsi="http://www.w3.org/2001/XMLSchema-instance" xsi:noNamespaceSchemaLocation="https://maven.apache.org/surefire/maven-surefire-plugin/xsd/surefire-test-report-3.0.xsd" version="3.0" name="com.reactivespring.controller.FluxAndMonoEndPointTest" time="5.392" tests="5" errors="0" skipped="0" failures="0">
  <properties>
[...]
</properties>
  <testcase name="testFlux" classname="com.reactivespring.controller.FluxAndMonoEndPointTest" time="0.091">
    <system-out><![CDATA[2024-12-14T18:08:06.934+05:30  INFO 32168 --- [           main] t.c.s.AnnotationConfigContextLoaderUtils : Could not detect default configuration classes for test class [com.reactivespring.controller.FluxAndMonoEndPointTest]: FluxAndMonoEndPointTest does not declare any static, non-private, non-final, nested classes annotated with @Configuration.
2024-12-14T18:08:06.946+05:30  INFO 32168 --- [           main] .b.t.c.SpringBootTestContextBootstrapper : Found @SpringBootConfiguration com.reactivespring.MoviesInfoServiceApplication for test class com.reactivespring.controller.FluxAndMonoEndPointTest
  .   ____          _            __ _ _
 /\\ / ___'_ __ _ _(_)_ __  __ _ \ \ \ \
( ( )\___ | '_ | '_| | '_ \/ _` | \ \ \ \
 \\/  ___)| |_)| | | | | || (_| |  ) ) ) )
  '  |____| .__|_| |_|_| |_\__, | / / / /
 =========|_|==============|___/=/_/_/_/

 :: Spring Boot ::                (v3.3.0)

2024-12-14T18:08:06.965+05:30  INFO 32168 --- [           main] c.r.controller.FluxAndMonoEndPointTest   : Starting FluxAndMonoEndPointTest using Java 21.0.5 with PID 32168 (started by sohailkhan in /Users/sohailkhan/Downloads/reactive-spring-webflux-main/movies-info-service)
2024-12-14T18:08:06.965+05:30  INFO 32168 --- [           main] c.r.controller.FluxAndMonoEndPointTest   : The following 1 profile is active: "local"
2024-12-14T18:08:07.169+05:30  INFO 32168 --- [           main] c.r.controller.FluxAndMonoEndPointTest   : Started FluxAndMonoEndPointTest in 0.22 seconds (process running for 2.785)
2024-12-14T18:08:07.219+05:30  INFO 32168 --- [     parallel-1] reactor.Flux.Iterable.6                  : | onSubscribe([Synchronous Fuseable] FluxIterable.IterableSubscription)
2024-12-14T18:08:07.219+05:30  INFO 32168 --- [     parallel-1] reactor.Flux.Iterable.6                  : | request(1)
2024-12-14T18:08:07.219+05:30  INFO 32168 --- [     parallel-1] reactor.Flux.Iterable.6                  : | onNext(FluxAndMonoEndPoint.Person(name=Sohail&amp#1;, age=26, mobile=+91-8225885153, id=1))
2024-12-14T18:08:07.246+05:30  INFO 32168 --- [           main] reactor.Flux.Iterable.6                  : | request(31)
2024-12-14T18:08:07.247+05:30  INFO 32168 --- [           main] reactor.Flux.Iterable.6                  : | onNext(FluxAndMonoEndPoint.Person(name=Sohail&amp#2;, age=27, mobile=+91-8225885153, id=2))
2024-12-14T18:08:07.247+05:30  INFO 32168 --- [           main] reactor.Flux.Iterable.6                  : | onNext(FluxAndMonoEndPoint.Person(name=Sohail&amp#3;, age=28, mobile=+91-8225885153, id=3))
2024-12-14T18:08:07.247+05:30  INFO 32168 --- [           main] reactor.Flux.Iterable.6                  : | onNext(FluxAndMonoEndPoint.Person(name=Sohail&amp#4;, age=29, mobile=+91-8225885153, id=4))
2024-12-14T18:08:07.247+05:30  INFO 32168 --- [           main] reactor.Flux.Iterable.6                  : | onNext(FluxAndMonoEndPoint.Person(name=Sohail&amp#5;, age=30, mobile=+91-8225885153, id=5))
2024-12-14T18:08:07.247+05:30  INFO 32168 --- [           main] reactor.Flux.Iterable.6                  : | onNext(FluxAndMonoEndPoint.Person(name=Sohail&amp#6;, age=31, mobile=+91-8225885153, id=6))
2024-12-14T18:08:07.247+05:30  INFO 32168 --- [           main] reactor.Flux.Iterable.6                  : | onNext(FluxAndMonoEndPoint.Person(name=Sohail&amp#7;, age=32, mobile=+91-8225885153, id=7))
2024-12-14T18:08:07.248+05:30  INFO 32168 --- [           main] reactor.Flux.Iterable.6                  : | onNext(FluxAndMonoEndPoint.Person(name=Sohail&amp#8;, age=33, mobile=+91-8225885153, id=8))
2024-12-14T18:08:07.248+05:30  INFO 32168 --- [           main] reactor.Flux.Iterable.6                  : | onNext(FluxAndMonoEndPoint.Person(name=Sohail	, age=34, mobile=+91-8225885153, id=9))
2024-12-14T18:08:07.248+05:30  INFO 32168 --- [           main] reactor.Flux.Iterable.6                  : | onNext(FluxAndMonoEndPoint.Person(name=Sohail
, age=35, mobile=+91-8225885153, id=10))
2024-12-14T18:08:07.248+05:30  INFO 32168 --- [           main] reactor.Flux.Iterable.6                  : | onNext(FluxAndMonoEndPoint.Person(name=Sohail&amp#11;, age=36, mobile=+91-8225885153, id=11))
2024-12-14T18:08:07.248+05:30  INFO 32168 --- [           main] reactor.Flux.Iterable.6                  : | onNext(FluxAndMonoEndPoint.Person(name=Sohail&amp#12;, age=37, mobile=+91-8225885153, id=12))
2024-12-14T18:08:07.248+05:30  INFO 32168 --- [           main] reactor.Flux.Iterable.6                  : | onNext(FluxAndMonoEndPoint.Person(name=Sohail, age=38, mobile=+91-8225885153, id=13))
2024-12-14T18:08:07.248+05:30  INFO 32168 --- [           main] reactor.Flux.Iterable.6                  : | onNext(FluxAndMonoEndPoint.Person(name=Sohail&amp#14;, age=39, mobile=+91-8225885153, id=14))
2024-12-14T18:08:07.248+05:30  INFO 32168 --- [           main] reactor.Flux.Iterable.6                  : | onNext(FluxAndMonoEndPoint.Person(name=Sohail&amp#15;, age=40, mobile=+91-8225885153, id=15))
2024-12-14T18:08:07.249+05:30  INFO 32168 --- [           main] reactor.Flux.Iterable.6                  : | onNext(FluxAndMonoEndPoint.Person(name=Sohail&amp#16;, age=41, mobile=+91-8225885153, id=16))
2024-12-14T18:08:07.249+05:30  INFO 32168 --- [           main] reactor.Flux.Iterable.6                  : | onNext(FluxAndMonoEndPoint.Person(name=Sohail&amp#17;, age=42, mobile=+91-8225885153, id=17))
2024-12-14T18:08:07.249+05:30  INFO 32168 --- [           main] reactor.Flux.Iterable.6                  : | onNext(FluxAndMonoEndPoint.Person(name=Sohail&amp#18;, age=43, mobile=+91-8225885153, id=18))
2024-12-14T18:08:07.249+05:30  INFO 32168 --- [           main] reactor.Flux.Iterable.6                  : | onNext(FluxAndMonoEndPoint.Person(name=Sohail&amp#19;, age=44, mobile=+91-8225885153, id=19))
2024-12-14T18:08:07.249+05:30  INFO 32168 --- [           main] reactor.Flux.Iterable.6                  : | onNext(FluxAndMonoEndPoint.Person(name=Sohail&amp#20;, age=45, mobile=+91-8225885153, id=20))
2024-12-14T18:08:07.249+05:30  INFO 32168 --- [           main] reactor.Flux.Iterable.6                  : | onNext(FluxAndMonoEndPoint.Person(name=Sohail&amp#21;, age=46, mobile=+91-8225885153, id=21))
2024-12-14T18:08:07.249+05:30  INFO 32168 --- [           main] reactor.Flux.Iterable.6                  : | onNext(FluxAndMonoEndPoint.Person(name=Sohail&amp#22;, age=47, mobile=+91-8225885153, id=22))
2024-12-14T18:08:07.249+05:30  INFO 32168 --- [           main] reactor.Flux.Iterable.6                  : | onNext(FluxAndMonoEndPoint.Person(name=Sohail&amp#23;, age=48, mobile=+91-8225885153, id=23))
2024-12-14T18:08:07.250+05:30  INFO 32168 --- [           main] reactor.Flux.Iterable.6                  : | onNext(FluxAndMonoEndPoint.Person(name=Sohail&amp#24;, age=49, mobile=+91-8225885153, id=24))
2024-12-14T18:08:07.250+05:30  INFO 32168 --- [           main] reactor.Flux.Iterable.6                  : | request(24)
2024-12-14T18:08:07.250+05:30  INFO 32168 --- [           main] reactor.Flux.Iterable.6                  : | onNext(FluxAndMonoEndPoint.Person(name=Sohail&amp#25;, age=50, mobile=+91-8225885153, id=25))
2024-12-14T18:08:07.250+05:30  INFO 32168 --- [           main] reactor.Flux.Iterable.6                  : | onNext(FluxAndMonoEndPoint.Person(name=Sohail&amp#26;, age=51, mobile=+91-8225885153, id=26))
2024-12-14T18:08:07.250+05:30  INFO 32168 --- [           main] reactor.Flux.Iterable.6                  : | onNext(FluxAndMonoEndPoint.Person(name=Sohail&amp#27;, age=52, mobile=+91-8225885153, id=27))
2024-12-14T18:08:07.250+05:30  INFO 32168 --- [           main] reactor.Flux.Iterable.6                  : | onNext(FluxAndMonoEndPoint.Person(name=Sohail&amp#28;, age=53, mobile=+91-8225885153, id=28))
2024-12-14T18:08:07.250+05:30  INFO 32168 --- [           main] reactor.Flux.Iterable.6                  : | onNext(FluxAndMonoEndPoint.Person(name=Sohail&amp#29;, age=54, mobile=+91-8225885153, id=29))
2024-12-14T18:08:07.250+05:30  INFO 32168 --- [           main] reactor.Flux.Iterable.6                  : | onNext(FluxAndMonoEndPoint.Person(name=Sohail&amp#30;, age=55, mobile=+91-8225885153, id=30))
2024-12-14T18:08:07.251+05:30  INFO 32168 --- [           main] reactor.Flux.Iterable.6                  : | onNext(FluxAndMonoEndPoint.Person(name=Sohail&amp#31;, age=56, mobile=+91-8225885153, id=31))
2024-12-14T18:08:07.251+05:30  INFO 32168 --- [           main] reactor.Flux.Iterable.6                  : | onNext(FluxAndMonoEndPoint.Person(name=Sohail , age=57, mobile=+91-8225885153, id=32))
2024-12-14T18:08:07.251+05:30  INFO 32168 --- [           main] reactor.Flux.Iterable.6                  : | onNext(FluxAndMonoEndPoint.Person(name=Sohail!, age=58, mobile=+91-8225885153, id=33))
2024-12-14T18:08:07.251+05:30  INFO 32168 --- [           main] reactor.Flux.Iterable.6                  : | onNext(FluxAndMonoEndPoint.Person(name=Sohail", age=59, mobile=+91-8225885153, id=34))
2024-12-14T18:08:07.251+05:30  INFO 32168 --- [           main] reactor.Flux.Iterable.6                  : | onNext(FluxAndMonoEndPoint.Person(name=Sohail#, age=60, mobile=+91-8225885153, id=35))
2024-12-14T18:08:07.251+05:30  INFO 32168 --- [           main] reactor.Flux.Iterable.6                  : | onNext(FluxAndMonoEndPoint.Person(name=Sohail$, age=61, mobile=+91-8225885153, id=36))
2024-12-14T18:08:07.251+05:30  INFO 32168 --- [           main] reactor.Flux.Iterable.6                  : | onNext(FluxAndMonoEndPoint.Person(name=Sohail%, age=62, mobile=+91-8225885153, id=37))
2024-12-14T18:08:07.251+05:30  INFO 32168 --- [           main] reactor.Flux.Iterable.6                  : | onNext(FluxAndMonoEndPoint.Person(name=Sohail&, age=63, mobile=+91-8225885153, id=38))
2024-12-14T18:08:07.252+05:30  INFO 32168 --- [           main] reactor.Flux.Iterable.6                  : | onNext(FluxAndMonoEndPoint.Person(name=Sohail', age=64, mobile=+91-8225885153, id=39))
2024-12-14T18:08:07.252+05:30  INFO 32168 --- [           main] reactor.Flux.Iterable.6                  : | onNext(FluxAndMonoEndPoint.Person(name=Sohail(, age=65, mobile=+91-8225885153, id=40))
2024-12-14T18:08:07.252+05:30  INFO 32168 --- [           main] reactor.Flux.Iterable.6                  : | onNext(FluxAndMonoEndPoint.Person(name=Sohail), age=66, mobile=+91-8225885153, id=41))
2024-12-14T18:08:07.252+05:30  INFO 32168 --- [           main] reactor.Flux.Iterable.6                  : | onNext(FluxAndMonoEndPoint.Person(name=Sohail*, age=67, mobile=+91-8225885153, id=42))
2024-12-14T18:08:07.252+05:30  INFO 32168 --- [           main] reactor.Flux.Iterable.6                  : | onNext(FluxAndMonoEndPoint.Person(name=Sohail+, age=68, mobile=+91-8225885153, id=43))
2024-12-14T18:08:07.252+05:30  INFO 32168 --- [           main] reactor.Flux.Iterable.6                  : | onNext(FluxAndMonoEndPoint.Person(name=Sohail,, age=69, mobile=+91-8225885153, id=44))
2024-12-14T18:08:07.252+05:30  INFO 32168 --- [           main] reactor.Flux.Iterable.6                  : | onNext(FluxAndMonoEndPoint.Person(name=Sohail-, age=70, mobile=+91-8225885153, id=45))
2024-12-14T18:08:07.252+05:30  INFO 32168 --- [           main] reactor.Flux.Iterable.6                  : | onNext(FluxAndMonoEndPoint.Person(name=Sohail., age=71, mobile=+91-8225885153, id=46))
2024-12-14T18:08:07.253+05:30  INFO 32168 --- [           main] reactor.Flux.Iterable.6                  : | onNext(FluxAndMonoEndPoint.Person(name=Sohail/, age=72, mobile=+91-8225885153, id=47))
2024-12-14T18:08:07.253+05:30  INFO 32168 --- [           main] reactor.Flux.Iterable.6                  : | onNext(FluxAndMonoEndPoint.Person(name=Sohail0, age=73, mobile=+91-8225885153, id=48))
2024-12-14T18:08:07.253+05:30  INFO 32168 --- [           main] reactor.Flux.Iterable.6                  : | request(24)
2024-12-14T18:08:07.253+05:30  INFO 32168 --- [           main] reactor.Flux.Iterable.6                  : | onNext(FluxAndMonoEndPoint.Person(name=Sohail1, age=74, mobile=+91-8225885153, id=49))
2024-12-14T18:08:07.253+05:30  INFO 32168 --- [           main] reactor.Flux.Iterable.6                  : | onNext(FluxAndMonoEndPoint.Person(name=Sohail2, age=75, mobile=+91-8225885153, id=50))
2024-12-14T18:08:07.253+05:30  INFO 32168 --- [           main] reactor.Flux.Iterable.6                  : | onNext(FluxAndMonoEndPoint.Person(name=Sohail3, age=76, mobile=+91-8225885153, id=51))
2024-12-14T18:08:07.253+05:30  INFO 32168 --- [           main] reactor.Flux.Iterable.6                  : | onNext(FluxAndMonoEndPoint.Person(name=Sohail4, age=77, mobile=+91-8225885153, id=52))
2024-12-14T18:08:07.253+05:30  INFO 32168 --- [           main] reactor.Flux.Iterable.6                  : | onNext(FluxAndMonoEndPoint.Person(name=Sohail5, age=78, mobile=+91-8225885153, id=53))
2024-12-14T18:08:07.253+05:30  INFO 32168 --- [           main] reactor.Flux.Iterable.6                  : | onNext(FluxAndMonoEndPoint.Person(name=Sohail6, age=79, mobile=+91-8225885153, id=54))
2024-12-14T18:08:07.254+05:30  INFO 32168 --- [           main] reactor.Flux.Iterable.6                  : | onNext(FluxAndMonoEndPoint.Person(name=Sohail7, age=80, mobile=+91-8225885153, id=55))
2024-12-14T18:08:07.254+05:30  INFO 32168 --- [           main] reactor.Flux.Iterable.6                  : | onNext(FluxAndMonoEndPoint.Person(name=Sohail8, age=81, mobile=+91-8225885153, id=56))
2024-12-14T18:08:07.254+05:30  INFO 32168 --- [           main] reactor.Flux.Iterable.6                  : | onNext(FluxAndMonoEndPoint.Person(name=Sohail9, age=82, mobile=+91-8225885153, id=57))
2024-12-14T18:08:07.254+05:30  INFO 32168 --- [           main] reactor.Flux.Iterable.6                  : | onNext(FluxAndMonoEndPoint.Person(name=Sohail:, age=83, mobile=+91-8225885153, id=58))
2024-12-14T18:08:07.254+05:30  INFO 32168 --- [           main] reactor.Flux.Iterable.6                  : | onNext(FluxAndMonoEndPoint.Person(name=Sohail;, age=84, mobile=+91-8225885153, id=59))
2024-12-14T18:08:07.254+05:30  INFO 32168 --- [           main] reactor.Flux.Iterable.6                  : | onNext(FluxAndMonoEndPoint.Person(name=Sohail<, age=85, mobile=+91-8225885153, id=60))
2024-12-14T18:08:07.254+05:30  INFO 32168 --- [           main] reactor.Flux.Iterable.6                  : | onNext(FluxAndMonoEndPoint.Person(name=Sohail=, age=86, mobile=+91-8225885153, id=61))
2024-12-14T18:08:07.254+05:30  INFO 32168 --- [           main] reactor.Flux.Iterable.6                  : | onNext(FluxAndMonoEndPoint.Person(name=Sohail>, age=87, mobile=+91-8225885153, id=62))
2024-12-14T18:08:07.255+05:30  INFO 32168 --- [           main] reactor.Flux.Iterable.6                  : | onNext(FluxAndMonoEndPoint.Person(name=Sohail?, age=88, mobile=+91-8225885153, id=63))
2024-12-14T18:08:07.255+05:30  INFO 32168 --- [           main] reactor.Flux.Iterable.6                  : | onNext(FluxAndMonoEndPoint.Person(name=Sohail@, age=89, mobile=+91-8225885153, id=64))
2024-12-14T18:08:07.255+05:30  INFO 32168 --- [           main] reactor.Flux.Iterable.6                  : | onNext(FluxAndMonoEndPoint.Person(name=SohailA, age=90, mobile=+91-8225885153, id=65))
2024-12-14T18:08:07.255+05:30  INFO 32168 --- [           main] reactor.Flux.Iterable.6                  : | onNext(FluxAndMonoEndPoint.Person(name=SohailB, age=91, mobile=+91-8225885153, id=66))
2024-12-14T18:08:07.255+05:30  INFO 32168 --- [           main] reactor.Flux.Iterable.6                  : | onNext(FluxAndMonoEndPoint.Person(name=SohailC, age=92, mobile=+91-8225885153, id=67))
2024-12-14T18:08:07.255+05:30  INFO 32168 --- [           main] reactor.Flux.Iterable.6                  : | onNext(FluxAndMonoEndPoint.Person(name=SohailD, age=93, mobile=+91-8225885153, id=68))
2024-12-14T18:08:07.255+05:30  INFO 32168 --- [           main] reactor.Flux.Iterable.6                  : | onNext(FluxAndMonoEndPoint.Person(name=SohailE, age=94, mobile=+91-8225885153, id=69))
2024-12-14T18:08:07.256+05:30  INFO 32168 --- [           main] reactor.Flux.Iterable.6                  : | onNext(FluxAndMonoEndPoint.Person(name=SohailF, age=95, mobile=+91-8225885153, id=70))
2024-12-14T18:08:07.256+05:30  INFO 32168 --- [           main] reactor.Flux.Iterable.6                  : | onNext(FluxAndMonoEndPoint.Person(name=SohailG, age=96, mobile=+91-8225885153, id=71))
2024-12-14T18:08:07.256+05:30  INFO 32168 --- [           main] reactor.Flux.Iterable.6                  : | onNext(FluxAndMonoEndPoint.Person(name=SohailH, age=97, mobile=+91-8225885153, id=72))
2024-12-14T18:08:07.256+05:30  INFO 32168 --- [           main] reactor.Flux.Iterable.6                  : | request(24)
2024-12-14T18:08:07.256+05:30  INFO 32168 --- [           main] reactor.Flux.Iterable.6                  : | onNext(FluxAndMonoEndPoint.Person(name=SohailI, age=98, mobile=+91-8225885153, id=73))
2024-12-14T18:08:07.256+05:30  INFO 32168 --- [           main] reactor.Flux.Iterable.6                  : | onNext(FluxAndMonoEndPoint.Person(name=SohailJ, age=99, mobile=+91-8225885153, id=74))
2024-12-14T18:08:07.256+05:30  INFO 32168 --- [           main] reactor.Flux.Iterable.6                  : | onNext(FluxAndMonoEndPoint.Person(name=SohailK, age=100, mobile=+91-8225885153, id=75))
2024-12-14T18:08:07.256+05:30  INFO 32168 --- [           main] reactor.Flux.Iterable.6                  : | onNext(FluxAndMonoEndPoint.Person(name=SohailL, age=101, mobile=+91-8225885153, id=76))
2024-12-14T18:08:07.256+05:30  INFO 32168 --- [           main] reactor.Flux.Iterable.6                  : | onNext(FluxAndMonoEndPoint.Person(name=SohailM, age=102, mobile=+91-8225885153, id=77))
2024-12-14T18:08:07.256+05:30  INFO 32168 --- [           main] reactor.Flux.Iterable.6                  : | onNext(FluxAndMonoEndPoint.Person(name=SohailN, age=103, mobile=+91-8225885153, id=78))
2024-12-14T18:08:07.257+05:30  INFO 32168 --- [           main] reactor.Flux.Iterable.6                  : | onNext(FluxAndMonoEndPoint.Person(name=SohailO, age=104, mobile=+91-8225885153, id=79))
2024-12-14T18:08:07.257+05:30  INFO 32168 --- [           main] reactor.Flux.Iterable.6                  : | onNext(FluxAndMonoEndPoint.Person(name=SohailP, age=105, mobile=+91-8225885153, id=80))
2024-12-14T18:08:07.257+05:30  INFO 32168 --- [           main] reactor.Flux.Iterable.6                  : | onNext(FluxAndMonoEndPoint.Person(name=SohailQ, age=106, mobile=+91-8225885153, id=81))
2024-12-14T18:08:07.257+05:30  INFO 32168 --- [           main] reactor.Flux.Iterable.6                  : | onNext(FluxAndMonoEndPoint.Person(name=SohailR, age=107, mobile=+91-8225885153, id=82))
2024-12-14T18:08:07.257+05:30  INFO 32168 --- [           main] reactor.Flux.Iterable.6                  : | onNext(FluxAndMonoEndPoint.Person(name=SohailS, age=108, mobile=+91-8225885153, id=83))
2024-12-14T18:08:07.257+05:30  INFO 32168 --- [           main] reactor.Flux.Iterable.6                  : | onNext(FluxAndMonoEndPoint.Person(name=SohailT, age=109, mobile=+91-8225885153, id=84))
2024-12-14T18:08:07.257+05:30  INFO 32168 --- [           main] reactor.Flux.Iterable.6                  : | onNext(FluxAndMonoEndPoint.Person(name=SohailU, age=110, mobile=+91-8225885153, id=85))
2024-12-14T18:08:07.257+05:30  INFO 32168 --- [           main] reactor.Flux.Iterable.6                  : | onNext(FluxAndMonoEndPoint.Person(name=SohailV, age=111, mobile=+91-8225885153, id=86))
2024-12-14T18:08:07.257+05:30  INFO 32168 --- [           main] reactor.Flux.Iterable.6                  : | onNext(FluxAndMonoEndPoint.Person(name=SohailW, age=112, mobile=+91-8225885153, id=87))
2024-12-14T18:08:07.257+05:30  INFO 32168 --- [           main] reactor.Flux.Iterable.6                  : | onNext(FluxAndMonoEndPoint.Person(name=SohailX, age=113, mobile=+91-8225885153, id=88))
2024-12-14T18:08:07.258+05:30  INFO 32168 --- [           main] reactor.Flux.Iterable.6                  : | onNext(FluxAndMonoEndPoint.Person(name=SohailY, age=114, mobile=+91-8225885153, id=89))
2024-12-14T18:08:07.258+05:30  INFO 32168 --- [           main] reactor.Flux.Iterable.6                  : | onNext(FluxAndMonoEndPoint.Person(name=SohailZ, age=115, mobile=+91-8225885153, id=90))
2024-12-14T18:08:07.258+05:30  INFO 32168 --- [           main] reactor.Flux.Iterable.6                  : | onNext(FluxAndMonoEndPoint.Person(name=Sohail[, age=116, mobile=+91-8225885153, id=91))
2024-12-14T18:08:07.258+05:30  INFO 32168 --- [           main] reactor.Flux.Iterable.6                  : | onNext(FluxAndMonoEndPoint.Person(name=Sohail\, age=117, mobile=+91-8225885153, id=92))
2024-12-14T18:08:07.258+05:30  INFO 32168 --- [           main] reactor.Flux.Iterable.6                  : | onNext(FluxAndMonoEndPoint.Person(name=Sohail], age=118, mobile=+91-8225885153, id=93))
2024-12-14T18:08:07.258+05:30  INFO 32168 --- [           main] reactor.Flux.Iterable.6                  : | onNext(FluxAndMonoEndPoint.Person(name=Sohail^, age=119, mobile=+91-8225885153, id=94))
2024-12-14T18:08:07.258+05:30  INFO 32168 --- [           main] reactor.Flux.Iterable.6                  : | onNext(FluxAndMonoEndPoint.Person(name=Sohail_, age=120, mobile=+91-8225885153, id=95))
2024-12-14T18:08:07.258+05:30  INFO 32168 --- [           main] reactor.Flux.Iterable.6                  : | onNext(FluxAndMonoEndPoint.Person(name=Sohail`, age=121, mobile=+91-8225885153, id=96))
2024-12-14T18:08:07.258+05:30  INFO 32168 --- [           main] reactor.Flux.Iterable.6                  : | request(24)
2024-12-14T18:08:07.258+05:30  INFO 32168 --- [           main] reactor.Flux.Iterable.6                  : | onNext(FluxAndMonoEndPoint.Person(name=Sohaila, age=122, mobile=+91-8225885153, id=97))
2024-12-14T18:08:07.259+05:30  INFO 32168 --- [           main] reactor.Flux.Iterable.6                  : | onNext(FluxAndMonoEndPoint.Person(name=Sohailb, age=123, mobile=+91-8225885153, id=98))
2024-12-14T18:08:07.259+05:30  INFO 32168 --- [           main] reactor.Flux.Iterable.6                  : | onNext(FluxAndMonoEndPoint.Person(name=Sohailc, age=124, mobile=+91-8225885153, id=99))
2024-12-14T18:08:07.259+05:30  INFO 32168 --- [           main] reactor.Flux.Iterable.6                  : | onNext(FluxAndMonoEndPoint.Person(name=Sohaild, age=125, mobile=+91-8225885153, id=100))
2024-12-14T18:08:07.259+05:30  INFO 32168 --- [           main] reactor.Flux.Iterable.6                  : | onComplete()
]]></system-out>
  </testcase>
  <testcase name="testFluxApproach02" classname="com.reactivespring.controller.FluxAndMonoEndPointTest" time="0.009">
    <system-out><![CDATA[2024-12-14T18:08:07.264+05:30  INFO 32168 --- [     parallel-2] reactor.Flux.Iterable.7                  : | onSubscribe([Synchronous Fuseable] FluxIterable.IterableSubscription)
2024-12-14T18:08:07.265+05:30  INFO 32168 --- [     parallel-2] reactor.Flux.Iterable.7                  : | request(1)
2024-12-14T18:08:07.265+05:30  INFO 32168 --- [     parallel-2] reactor.Flux.Iterable.7                  : | onNext(FluxAndMonoEndPoint.Person(name=Sohail&amp#1;, age=26, mobile=+91-8225885153, id=1))
2024-12-14T18:08:07.268+05:30  INFO 32168 --- [           main] reactor.Flux.Iterable.7                  : | cancel()
]]></system-out>
  </testcase>
  <testcase name="testFluxApproach03" classname="com.reactivespring.controller.FluxAndMonoEndPointTest" time="0.02">
    <system-out><![CDATA[2024-12-14T18:08:07.277+05:30  INFO 32168 --- [     parallel-3] reactor.Flux.Iterable.8                  : | onSubscribe([Synchronous Fuseable] FluxIterable.IterableSubscription)
2024-12-14T18:08:07.277+05:30  INFO 32168 --- [     parallel-3] reactor.Flux.Iterable.8                  : | request(1)
2024-12-14T18:08:07.277+05:30  INFO 32168 --- [     parallel-3] reactor.Flux.Iterable.8                  : | onNext(FluxAndMonoEndPoint.Person(name=Sohail&amp#1;, age=26, mobile=+91-8225885153, id=1))
2024-12-14T18:08:07.279+05:30  INFO 32168 --- [           main] reactor.Flux.Iterable.8                  : | request(31)
2024-12-14T18:08:07.279+05:30  INFO 32168 --- [           main] reactor.Flux.Iterable.8                  : | onNext(FluxAndMonoEndPoint.Person(name=Sohail&amp#2;, age=27, mobile=+91-8225885153, id=2))
2024-12-14T18:08:07.280+05:30  INFO 32168 --- [           main] reactor.Flux.Iterable.8                  : | onNext(FluxAndMonoEndPoint.Person(name=Sohail&amp#3;, age=28, mobile=+91-8225885153, id=3))
2024-12-14T18:08:07.280+05:30  INFO 32168 --- [           main] reactor.Flux.Iterable.8                  : | onNext(FluxAndMonoEndPoint.Person(name=Sohail&amp#4;, age=29, mobile=+91-8225885153, id=4))
2024-12-14T18:08:07.280+05:30  INFO 32168 --- [           main] reactor.Flux.Iterable.8                  : | onNext(FluxAndMonoEndPoint.Person(name=Sohail&amp#5;, age=30, mobile=+91-8225885153, id=5))
2024-12-14T18:08:07.280+05:30  INFO 32168 --- [           main] reactor.Flux.Iterable.8                  : | onNext(FluxAndMonoEndPoint.Person(name=Sohail&amp#6;, age=31, mobile=+91-8225885153, id=6))
2024-12-14T18:08:07.280+05:30  INFO 32168 --- [           main] reactor.Flux.Iterable.8                  : | onNext(FluxAndMonoEndPoint.Person(name=Sohail&amp#7;, age=32, mobile=+91-8225885153, id=7))
2024-12-14T18:08:07.280+05:30  INFO 32168 --- [           main] reactor.Flux.Iterable.8                  : | onNext(FluxAndMonoEndPoint.Person(name=Sohail&amp#8;, age=33, mobile=+91-8225885153, id=8))
2024-12-14T18:08:07.280+05:30  INFO 32168 --- [           main] reactor.Flux.Iterable.8                  : | onNext(FluxAndMonoEndPoint.Person(name=Sohail	, age=34, mobile=+91-8225885153, id=9))
2024-12-14T18:08:07.280+05:30  INFO 32168 --- [           main] reactor.Flux.Iterable.8                  : | onNext(FluxAndMonoEndPoint.Person(name=Sohail
, age=35, mobile=+91-8225885153, id=10))
2024-12-14T18:08:07.280+05:30  INFO 32168 --- [           main] reactor.Flux.Iterable.8                  : | onNext(FluxAndMonoEndPoint.Person(name=Sohail&amp#11;, age=36, mobile=+91-8225885153, id=11))
2024-12-14T18:08:07.281+05:30  INFO 32168 --- [           main] reactor.Flux.Iterable.8                  : | onNext(FluxAndMonoEndPoint.Person(name=Sohail&amp#12;, age=37, mobile=+91-8225885153, id=12))
2024-12-14T18:08:07.281+05:30  INFO 32168 --- [           main] reactor.Flux.Iterable.8                  : | onNext(FluxAndMonoEndPoint.Person(name=Sohail, age=38, mobile=+91-8225885153, id=13))
2024-12-14T18:08:07.281+05:30  INFO 32168 --- [           main] reactor.Flux.Iterable.8                  : | onNext(FluxAndMonoEndPoint.Person(name=Sohail&amp#14;, age=39, mobile=+91-8225885153, id=14))
2024-12-14T18:08:07.281+05:30  INFO 32168 --- [           main] reactor.Flux.Iterable.8                  : | onNext(FluxAndMonoEndPoint.Person(name=Sohail&amp#15;, age=40, mobile=+91-8225885153, id=15))
2024-12-14T18:08:07.281+05:30  INFO 32168 --- [           main] reactor.Flux.Iterable.8                  : | onNext(FluxAndMonoEndPoint.Person(name=Sohail&amp#16;, age=41, mobile=+91-8225885153, id=16))
2024-12-14T18:08:07.281+05:30  INFO 32168 --- [           main] reactor.Flux.Iterable.8                  : | onNext(FluxAndMonoEndPoint.Person(name=Sohail&amp#17;, age=42, mobile=+91-8225885153, id=17))
2024-12-14T18:08:07.281+05:30  INFO 32168 --- [           main] reactor.Flux.Iterable.8                  : | onNext(FluxAndMonoEndPoint.Person(name=Sohail&amp#18;, age=43, mobile=+91-8225885153, id=18))
2024-12-14T18:08:07.281+05:30  INFO 32168 --- [           main] reactor.Flux.Iterable.8                  : | onNext(FluxAndMonoEndPoint.Person(name=Sohail&amp#19;, age=44, mobile=+91-8225885153, id=19))
2024-12-14T18:08:07.282+05:30  INFO 32168 --- [           main] reactor.Flux.Iterable.8                  : | onNext(FluxAndMonoEndPoint.Person(name=Sohail&amp#20;, age=45, mobile=+91-8225885153, id=20))
2024-12-14T18:08:07.282+05:30  INFO 32168 --- [           main] reactor.Flux.Iterable.8                  : | onNext(FluxAndMonoEndPoint.Person(name=Sohail&amp#21;, age=46, mobile=+91-8225885153, id=21))
2024-12-14T18:08:07.282+05:30  INFO 32168 --- [           main] reactor.Flux.Iterable.8                  : | onNext(FluxAndMonoEndPoint.Person(name=Sohail&amp#22;, age=47, mobile=+91-8225885153, id=22))
2024-12-14T18:08:07.282+05:30  INFO 32168 --- [           main] reactor.Flux.Iterable.8                  : | onNext(FluxAndMonoEndPoint.Person(name=Sohail&amp#23;, age=48, mobile=+91-8225885153, id=23))
2024-12-14T18:08:07.282+05:30  INFO 32168 --- [           main] reactor.Flux.Iterable.8                  : | onNext(FluxAndMonoEndPoint.Person(name=Sohail&amp#24;, age=49, mobile=+91-8225885153, id=24))
2024-12-14T18:08:07.282+05:30  INFO 32168 --- [           main] reactor.Flux.Iterable.8                  : | request(24)
2024-12-14T18:08:07.282+05:30  INFO 32168 --- [           main] reactor.Flux.Iterable.8                  : | onNext(FluxAndMonoEndPoint.Person(name=Sohail&amp#25;, age=50, mobile=+91-8225885153, id=25))
2024-12-14T18:08:07.282+05:30  INFO 32168 --- [           main] reactor.Flux.Iterable.8                  : | onNext(FluxAndMonoEndPoint.Person(name=Sohail&amp#26;, age=51, mobile=+91-8225885153, id=26))
2024-12-14T18:08:07.282+05:30  INFO 32168 --- [           main] reactor.Flux.Iterable.8                  : | onNext(FluxAndMonoEndPoint.Person(name=Sohail&amp#27;, age=52, mobile=+91-8225885153, id=27))
2024-12-14T18:08:07.284+05:30  INFO 32168 --- [           main] reactor.Flux.Iterable.8                  : | onNext(FluxAndMonoEndPoint.Person(name=Sohail&amp#28;, age=53, mobile=+91-8225885153, id=28))
2024-12-14T18:08:07.284+05:30  INFO 32168 --- [           main] reactor.Flux.Iterable.8                  : | onNext(FluxAndMonoEndPoint.Person(name=Sohail&amp#29;, age=54, mobile=+91-8225885153, id=29))
2024-12-14T18:08:07.284+05:30  INFO 32168 --- [           main] reactor.Flux.Iterable.8                  : | onNext(FluxAndMonoEndPoint.Person(name=Sohail&amp#30;, age=55, mobile=+91-8225885153, id=30))
2024-12-14T18:08:07.284+05:30  INFO 32168 --- [           main] reactor.Flux.Iterable.8                  : | onNext(FluxAndMonoEndPoint.Person(name=Sohail&amp#31;, age=56, mobile=+91-8225885153, id=31))
2024-12-14T18:08:07.284+05:30  INFO 32168 --- [           main] reactor.Flux.Iterable.8                  : | onNext(FluxAndMonoEndPoint.Person(name=Sohail , age=57, mobile=+91-8225885153, id=32))
2024-12-14T18:08:07.284+05:30  INFO 32168 --- [           main] reactor.Flux.Iterable.8                  : | onNext(FluxAndMonoEndPoint.Person(name=Sohail!, age=58, mobile=+91-8225885153, id=33))
2024-12-14T18:08:07.284+05:30  INFO 32168 --- [           main] reactor.Flux.Iterable.8                  : | onNext(FluxAndMonoEndPoint.Person(name=Sohail", age=59, mobile=+91-8225885153, id=34))
2024-12-14T18:08:07.285+05:30  INFO 32168 --- [           main] reactor.Flux.Iterable.8                  : | onNext(FluxAndMonoEndPoint.Person(name=Sohail#, age=60, mobile=+91-8225885153, id=35))
2024-12-14T18:08:07.285+05:30  INFO 32168 --- [           main] reactor.Flux.Iterable.8                  : | onNext(FluxAndMonoEndPoint.Person(name=Sohail$, age=61, mobile=+91-8225885153, id=36))
2024-12-14T18:08:07.285+05:30  INFO 32168 --- [           main] reactor.Flux.Iterable.8                  : | onNext(FluxAndMonoEndPoint.Person(name=Sohail%, age=62, mobile=+91-8225885153, id=37))
2024-12-14T18:08:07.285+05:30  INFO 32168 --- [           main] reactor.Flux.Iterable.8                  : | onNext(FluxAndMonoEndPoint.Person(name=Sohail&, age=63, mobile=+91-8225885153, id=38))
2024-12-14T18:08:07.285+05:30  INFO 32168 --- [           main] reactor.Flux.Iterable.8                  : | onNext(FluxAndMonoEndPoint.Person(name=Sohail', age=64, mobile=+91-8225885153, id=39))
2024-12-14T18:08:07.285+05:30  INFO 32168 --- [           main] reactor.Flux.Iterable.8                  : | onNext(FluxAndMonoEndPoint.Person(name=Sohail(, age=65, mobile=+91-8225885153, id=40))
2024-12-14T18:08:07.285+05:30  INFO 32168 --- [           main] reactor.Flux.Iterable.8                  : | onNext(FluxAndMonoEndPoint.Person(name=Sohail), age=66, mobile=+91-8225885153, id=41))
2024-12-14T18:08:07.285+05:30  INFO 32168 --- [           main] reactor.Flux.Iterable.8                  : | onNext(FluxAndMonoEndPoint.Person(name=Sohail*, age=67, mobile=+91-8225885153, id=42))
2024-12-14T18:08:07.285+05:30  INFO 32168 --- [           main] reactor.Flux.Iterable.8                  : | onNext(FluxAndMonoEndPoint.Person(name=Sohail+, age=68, mobile=+91-8225885153, id=43))
2024-12-14T18:08:07.285+05:30  INFO 32168 --- [           main] reactor.Flux.Iterable.8                  : | onNext(FluxAndMonoEndPoint.Person(name=Sohail,, age=69, mobile=+91-8225885153, id=44))
2024-12-14T18:08:07.286+05:30  INFO 32168 --- [           main] reactor.Flux.Iterable.8                  : | onNext(FluxAndMonoEndPoint.Person(name=Sohail-, age=70, mobile=+91-8225885153, id=45))
2024-12-14T18:08:07.286+05:30  INFO 32168 --- [           main] reactor.Flux.Iterable.8                  : | onNext(FluxAndMonoEndPoint.Person(name=Sohail., age=71, mobile=+91-8225885153, id=46))
2024-12-14T18:08:07.286+05:30  INFO 32168 --- [           main] reactor.Flux.Iterable.8                  : | onNext(FluxAndMonoEndPoint.Person(name=Sohail/, age=72, mobile=+91-8225885153, id=47))
2024-12-14T18:08:07.286+05:30  INFO 32168 --- [           main] reactor.Flux.Iterable.8                  : | onNext(FluxAndMonoEndPoint.Person(name=Sohail0, age=73, mobile=+91-8225885153, id=48))
2024-12-14T18:08:07.286+05:30  INFO 32168 --- [           main] reactor.Flux.Iterable.8                  : | request(24)
2024-12-14T18:08:07.286+05:30  INFO 32168 --- [           main] reactor.Flux.Iterable.8                  : | onNext(FluxAndMonoEndPoint.Person(name=Sohail1, age=74, mobile=+91-8225885153, id=49))
2024-12-14T18:08:07.286+05:30  INFO 32168 --- [           main] reactor.Flux.Iterable.8                  : | onNext(FluxAndMonoEndPoint.Person(name=Sohail2, age=75, mobile=+91-8225885153, id=50))
2024-12-14T18:08:07.286+05:30  INFO 32168 --- [           main] reactor.Flux.Iterable.8                  : | onNext(FluxAndMonoEndPoint.Person(name=Sohail3, age=76, mobile=+91-8225885153, id=51))
2024-12-14T18:08:07.286+05:30  INFO 32168 --- [           main] reactor.Flux.Iterable.8                  : | onNext(FluxAndMonoEndPoint.Person(name=Sohail4, age=77, mobile=+91-8225885153, id=52))
2024-12-14T18:08:07.286+05:30  INFO 32168 --- [           main] reactor.Flux.Iterable.8                  : | onNext(FluxAndMonoEndPoint.Person(name=Sohail5, age=78, mobile=+91-8225885153, id=53))
2024-12-14T18:08:07.286+05:30  INFO 32168 --- [           main] reactor.Flux.Iterable.8                  : | onNext(FluxAndMonoEndPoint.Person(name=Sohail6, age=79, mobile=+91-8225885153, id=54))
2024-12-14T18:08:07.286+05:30  INFO 32168 --- [           main] reactor.Flux.Iterable.8                  : | onNext(FluxAndMonoEndPoint.Person(name=Sohail7, age=80, mobile=+91-8225885153, id=55))
2024-12-14T18:08:07.286+05:30  INFO 32168 --- [           main] reactor.Flux.Iterable.8                  : | onNext(FluxAndMonoEndPoint.Person(name=Sohail8, age=81, mobile=+91-8225885153, id=56))
2024-12-14T18:08:07.287+05:30  INFO 32168 --- [           main] reactor.Flux.Iterable.8                  : | onNext(FluxAndMonoEndPoint.Person(name=Sohail9, age=82, mobile=+91-8225885153, id=57))
2024-12-14T18:08:07.287+05:30  INFO 32168 --- [           main] reactor.Flux.Iterable.8                  : | onNext(FluxAndMonoEndPoint.Person(name=Sohail:, age=83, mobile=+91-8225885153, id=58))
2024-12-14T18:08:07.287+05:30  INFO 32168 --- [           main] reactor.Flux.Iterable.8                  : | onNext(FluxAndMonoEndPoint.Person(name=Sohail;, age=84, mobile=+91-8225885153, id=59))
2024-12-14T18:08:07.287+05:30  INFO 32168 --- [           main] reactor.Flux.Iterable.8                  : | onNext(FluxAndMonoEndPoint.Person(name=Sohail<, age=85, mobile=+91-8225885153, id=60))
2024-12-14T18:08:07.287+05:30  INFO 32168 --- [           main] reactor.Flux.Iterable.8                  : | onNext(FluxAndMonoEndPoint.Person(name=Sohail=, age=86, mobile=+91-8225885153, id=61))
2024-12-14T18:08:07.287+05:30  INFO 32168 --- [           main] reactor.Flux.Iterable.8                  : | onNext(FluxAndMonoEndPoint.Person(name=Sohail>, age=87, mobile=+91-8225885153, id=62))
2024-12-14T18:08:07.287+05:30  INFO 32168 --- [           main] reactor.Flux.Iterable.8                  : | onNext(FluxAndMonoEndPoint.Person(name=Sohail?, age=88, mobile=+91-8225885153, id=63))
2024-12-14T18:08:07.287+05:30  INFO 32168 --- [           main] reactor.Flux.Iterable.8                  : | onNext(FluxAndMonoEndPoint.Person(name=Sohail@, age=89, mobile=+91-8225885153, id=64))
2024-12-14T18:08:07.287+05:30  INFO 32168 --- [           main] reactor.Flux.Iterable.8                  : | onNext(FluxAndMonoEndPoint.Person(name=SohailA, age=90, mobile=+91-8225885153, id=65))
2024-12-14T18:08:07.287+05:30  INFO 32168 --- [           main] reactor.Flux.Iterable.8                  : | onNext(FluxAndMonoEndPoint.Person(name=SohailB, age=91, mobile=+91-8225885153, id=66))
2024-12-14T18:08:07.287+05:30  INFO 32168 --- [           main] reactor.Flux.Iterable.8                  : | onNext(FluxAndMonoEndPoint.Person(name=SohailC, age=92, mobile=+91-8225885153, id=67))
2024-12-14T18:08:07.287+05:30  INFO 32168 --- [           main] reactor.Flux.Iterable.8                  : | onNext(FluxAndMonoEndPoint.Person(name=SohailD, age=93, mobile=+91-8225885153, id=68))
2024-12-14T18:08:07.288+05:30  INFO 32168 --- [           main] reactor.Flux.Iterable.8                  : | onNext(FluxAndMonoEndPoint.Person(name=SohailE, age=94, mobile=+91-8225885153, id=69))
2024-12-14T18:08:07.288+05:30  INFO 32168 --- [           main] reactor.Flux.Iterable.8                  : | onNext(FluxAndMonoEndPoint.Person(name=SohailF, age=95, mobile=+91-8225885153, id=70))
2024-12-14T18:08:07.288+05:30  INFO 32168 --- [           main] reactor.Flux.Iterable.8                  : | onNext(FluxAndMonoEndPoint.Person(name=SohailG, age=96, mobile=+91-8225885153, id=71))
2024-12-14T18:08:07.288+05:30  INFO 32168 --- [           main] reactor.Flux.Iterable.8                  : | onNext(FluxAndMonoEndPoint.Person(name=SohailH, age=97, mobile=+91-8225885153, id=72))
2024-12-14T18:08:07.288+05:30  INFO 32168 --- [           main] reactor.Flux.Iterable.8                  : | request(24)
2024-12-14T18:08:07.288+05:30  INFO 32168 --- [           main] reactor.Flux.Iterable.8                  : | onNext(FluxAndMonoEndPoint.Person(name=SohailI, age=98, mobile=+91-8225885153, id=73))
2024-12-14T18:08:07.288+05:30  INFO 32168 --- [           main] reactor.Flux.Iterable.8                  : | onNext(FluxAndMonoEndPoint.Person(name=SohailJ, age=99, mobile=+91-8225885153, id=74))
2024-12-14T18:08:07.288+05:30  INFO 32168 --- [           main] reactor.Flux.Iterable.8                  : | onNext(FluxAndMonoEndPoint.Person(name=SohailK, age=100, mobile=+91-8225885153, id=75))
2024-12-14T18:08:07.288+05:30  INFO 32168 --- [           main] reactor.Flux.Iterable.8                  : | onNext(FluxAndMonoEndPoint.Person(name=SohailL, age=101, mobile=+91-8225885153, id=76))
2024-12-14T18:08:07.288+05:30  INFO 32168 --- [           main] reactor.Flux.Iterable.8                  : | onNext(FluxAndMonoEndPoint.Person(name=SohailM, age=102, mobile=+91-8225885153, id=77))
2024-12-14T18:08:07.288+05:30  INFO 32168 --- [           main] reactor.Flux.Iterable.8                  : | onNext(FluxAndMonoEndPoint.Person(name=SohailN, age=103, mobile=+91-8225885153, id=78))
2024-12-14T18:08:07.288+05:30  INFO 32168 --- [           main] reactor.Flux.Iterable.8                  : | onNext(FluxAndMonoEndPoint.Person(name=SohailO, age=104, mobile=+91-8225885153, id=79))
2024-12-14T18:08:07.288+05:30  INFO 32168 --- [           main] reactor.Flux.Iterable.8                  : | onNext(FluxAndMonoEndPoint.Person(name=SohailP, age=105, mobile=+91-8225885153, id=80))
2024-12-14T18:08:07.289+05:30  INFO 32168 --- [           main] reactor.Flux.Iterable.8                  : | onNext(FluxAndMonoEndPoint.Person(name=SohailQ, age=106, mobile=+91-8225885153, id=81))
2024-12-14T18:08:07.289+05:30  INFO 32168 --- [           main] reactor.Flux.Iterable.8                  : | onNext(FluxAndMonoEndPoint.Person(name=SohailR, age=107, mobile=+91-8225885153, id=82))
2024-12-14T18:08:07.289+05:30  INFO 32168 --- [           main] reactor.Flux.Iterable.8                  : | onNext(FluxAndMonoEndPoint.Person(name=SohailS, age=108, mobile=+91-8225885153, id=83))
2024-12-14T18:08:07.289+05:30  INFO 32168 --- [           main] reactor.Flux.Iterable.8                  : | onNext(FluxAndMonoEndPoint.Person(name=SohailT, age=109, mobile=+91-8225885153, id=84))
2024-12-14T18:08:07.289+05:30  INFO 32168 --- [           main] reactor.Flux.Iterable.8                  : | onNext(FluxAndMonoEndPoint.Person(name=SohailU, age=110, mobile=+91-8225885153, id=85))
2024-12-14T18:08:07.289+05:30  INFO 32168 --- [           main] reactor.Flux.Iterable.8                  : | onNext(FluxAndMonoEndPoint.Person(name=SohailV, age=111, mobile=+91-8225885153, id=86))
2024-12-14T18:08:07.289+05:30  INFO 32168 --- [           main] reactor.Flux.Iterable.8                  : | onNext(FluxAndMonoEndPoint.Person(name=SohailW, age=112, mobile=+91-8225885153, id=87))
2024-12-14T18:08:07.289+05:30  INFO 32168 --- [           main] reactor.Flux.Iterable.8                  : | onNext(FluxAndMonoEndPoint.Person(name=SohailX, age=113, mobile=+91-8225885153, id=88))
2024-12-14T18:08:07.289+05:30  INFO 32168 --- [           main] reactor.Flux.Iterable.8                  : | onNext(FluxAndMonoEndPoint.Person(name=SohailY, age=114, mobile=+91-8225885153, id=89))
2024-12-14T18:08:07.289+05:30  INFO 32168 --- [           main] reactor.Flux.Iterable.8                  : | onNext(FluxAndMonoEndPoint.Person(name=SohailZ, age=115, mobile=+91-8225885153, id=90))
2024-12-14T18:08:07.289+05:30  INFO 32168 --- [           main] reactor.Flux.Iterable.8                  : | onNext(FluxAndMonoEndPoint.Person(name=Sohail[, age=116, mobile=+91-8225885153, id=91))
2024-12-14T18:08:07.289+05:30  INFO 32168 --- [           main] reactor.Flux.Iterable.8                  : | onNext(FluxAndMonoEndPoint.Person(name=Sohail\, age=117, mobile=+91-8225885153, id=92))
2024-12-14T18:08:07.290+05:30  INFO 32168 --- [           main] reactor.Flux.Iterable.8                  : | onNext(FluxAndMonoEndPoint.Person(name=Sohail], age=118, mobile=+91-8225885153, id=93))
2024-12-14T18:08:07.290+05:30  INFO 32168 --- [           main] reactor.Flux.Iterable.8                  : | onNext(FluxAndMonoEndPoint.Person(name=Sohail^, age=119, mobile=+91-8225885153, id=94))
2024-12-14T18:08:07.290+05:30  INFO 32168 --- [           main] reactor.Flux.Iterable.8                  : | onNext(FluxAndMonoEndPoint.Person(name=Sohail_, age=120, mobile=+91-8225885153, id=95))
2024-12-14T18:08:07.290+05:30  INFO 32168 --- [           main] reactor.Flux.Iterable.8                  : | onNext(FluxAndMonoEndPoint.Person(name=Sohail`, age=121, mobile=+91-8225885153, id=96))
2024-12-14T18:08:07.290+05:30  INFO 32168 --- [           main] reactor.Flux.Iterable.8                  : | request(24)
2024-12-14T18:08:07.290+05:30  INFO 32168 --- [           main] reactor.Flux.Iterable.8                  : | onNext(FluxAndMonoEndPoint.Person(name=Sohaila, age=122, mobile=+91-8225885153, id=97))
2024-12-14T18:08:07.290+05:30  INFO 32168 --- [           main] reactor.Flux.Iterable.8                  : | onNext(FluxAndMonoEndPoint.Person(name=Sohailb, age=123, mobile=+91-8225885153, id=98))
2024-12-14T18:08:07.290+05:30  INFO 32168 --- [           main] reactor.Flux.Iterable.8                  : | onNext(FluxAndMonoEndPoint.Person(name=Sohailc, age=124, mobile=+91-8225885153, id=99))
2024-12-14T18:08:07.290+05:30  INFO 32168 --- [           main] reactor.Flux.Iterable.8                  : | onNext(FluxAndMonoEndPoint.Person(name=Sohaild, age=125, mobile=+91-8225885153, id=100))
2024-12-14T18:08:07.290+05:30  INFO 32168 --- [           main] reactor.Flux.Iterable.8                  : | onComplete()
]]></system-out>
  </testcase>
  <testcase name="demoFluxStream" classname="com.reactivespring.controller.FluxAndMonoEndPointTest" time="1.016">
    <system-out><![CDATA[2024-12-14T18:08:07.297+05:30  INFO 32168 --- [     parallel-4] reactor.Flux.Interval.9                  : onSubscribe(FluxInterval.IntervalRunnable)
2024-12-14T18:08:07.298+05:30  INFO 32168 --- [     parallel-4] reactor.Flux.Interval.9                  : request(1)
2024-12-14T18:08:07.377+05:30  INFO 32168 --- [ngodb.net:27017] org.mongodb.driver.cluster               : Monitor thread successfully connected to server with description ServerDescription{address=cluster0-shard-00-01.tbzhg.mongodb.net:27017, type=REPLICA_SET_SECONDARY, state=CONNECTED, ok=true, minWireVersion=0, maxWireVersion=25, maxDocumentSize=16777216, logicalSessionTimeoutMinutes=30, roundTripTimeNanos=59451291, setName='atlas-7caju8-shard-0', canonicalAddress=cluster0-shard-00-01.tbzhg.mongodb.net:27017, hosts=[cluster0-shard-00-01.tbzhg.mongodb.net:27017, cluster0-shard-00-00.tbzhg.mongodb.net:27017, cluster0-shard-00-02.tbzhg.mongodb.net:27017], passives=[], arbiters=[], primary='cluster0-shard-00-02.tbzhg.mongodb.net:27017', tagSet=TagSet{[Tag{name='availabilityZone', value='2'}, Tag{name='diskState', value='READY'}, Tag{name='nodeType', value='ELECTABLE'}, Tag{name='provider', value='AZURE'}, Tag{name='region', value='INDIA_CENTRAL'}, Tag{name='workloadType', value='OPERATIONAL'}]}, electionId=null, setVersion=17, topologyVersion=TopologyVersion{processId=6758b24b69a900bb9348444a, counter=3}, lastWriteDate=Sat Dec 14 18:08:07 IST 2024, lastUpdateTimeNanos=47742601931416}
2024-12-14T18:08:08.303+05:30  INFO 32168 --- [     parallel-5] reactor.Flux.Interval.9                  : onNext(0)
]]></system-out>
  </testcase>
  <testcase name="testStreamApproach02" classname="com.reactivespring.controller.FluxAndMonoEndPointTest" time="4.01">
    <system-out><![CDATA[2024-12-14T18:08:08.314+05:30  INFO 32168 --- [     parallel-6] reactor.Flux.Interval.10                 : onSubscribe(FluxInterval.IntervalRunnable)
2024-12-14T18:08:08.315+05:30  INFO 32168 --- [     parallel-6] reactor.Flux.Interval.10                 : request(1)
2024-12-14T18:08:09.303+05:30 ERROR 32168 --- [     parallel-5] reactor.Flux.Interval.9                  : onError(reactor.core.Exceptions$OverflowException: Could not emit tick 1 due to lack of requests (interval doesn't support small downstream requests that replenish slower than the ticks))
2024-12-14T18:08:09.304+05:30 ERROR 32168 --- [     parallel-5] reactor.Flux.Interval.9                  : 

reactor.core.Exceptions$OverflowException: Could not emit tick 1 due to lack of requests (interval doesn't support small downstream requests that replenish slower than the ticks)
	at reactor.core.Exceptions.failWithOverflow(Exceptions.java:251) ~[reactor-core-3.6.6.jar:3.6.6]
	at reactor.core.publisher.FluxInterval$IntervalRunnable.run(FluxInterval.java:131) ~[reactor-core-3.6.6.jar:3.6.6]
	at reactor.core.scheduler.PeriodicWorkerTask.call(PeriodicWorkerTask.java:59) ~[reactor-core-3.6.6.jar:3.6.6]
	at reactor.core.scheduler.PeriodicWorkerTask.run(PeriodicWorkerTask.java:73) ~[reactor-core-3.6.6.jar:3.6.6]
	at java.base/java.util.concurrent.Executors$RunnableAdapter.call(Executors.java:572) ~[na:na]
	at java.base/java.util.concurrent.FutureTask.runAndReset(FutureTask.java:358) ~[na:na]
	at java.base/java.util.concurrent.ScheduledThreadPoolExecutor$ScheduledFutureTask.run(ScheduledThreadPoolExecutor.java:305) ~[na:na]
	at java.base/java.util.concurrent.ThreadPoolExecutor.runWorker(ThreadPoolExecutor.java:1144) ~[na:na]
	at java.base/java.util.concurrent.ThreadPoolExecutor$Worker.run(ThreadPoolExecutor.java:642) ~[na:na]
	at java.base/java.lang.Thread.run(Thread.java:1583) ~[na:na]

2024-12-14T18:08:09.318+05:30  INFO 32168 --- [     parallel-7] reactor.Flux.Interval.10                 : onNext(0)
2024-12-14T18:08:09.338+05:30  INFO 32168 --- [           main] reactor.Flux.Interval.10                 : request(1)
2024-12-14T18:08:10.316+05:30  INFO 32168 --- [     parallel-7] reactor.Flux.Interval.10                 : onNext(1)
2024-12-14T18:08:10.317+05:30  INFO 32168 --- [     parallel-7] reactor.Flux.Interval.10                 : request(1)
2024-12-14T18:08:11.324+05:30  INFO 32168 --- [     parallel-7] reactor.Flux.Interval.10                 : onNext(2)
2024-12-14T18:08:11.324+05:30  INFO 32168 --- [     parallel-7] reactor.Flux.Interval.10                 : request(1)
2024-12-14T18:08:12.320+05:30  INFO 32168 --- [     parallel-7] reactor.Flux.Interval.10                 : onNext(3)
2024-12-14T18:08:12.320+05:30  INFO 32168 --- [     parallel-7] reactor.Flux.Interval.10                 : cancel()
]]></system-out>
  </testcase>
</testsuite>