<?xml version="1.0" encoding="UTF-8"?>
<testsuite xmlns:xsi="http://www.w3.org/2001/XMLSchema-instance" xsi:noNamespaceSchemaLocation="https://maven.apache.org/surefire/maven-surefire-plugin/xsd/surefire-test-report-3.0.xsd" version="3.0" name="com.reactivespring.MoviesServiceApplicationTests" time="2.302" tests="7" errors="0" skipped="0" failures="0">
  <properties>
[...]
</properties>
  <testcase name="updateMovieInfo" classname="com.reactivespring.MoviesServiceApplicationTests" time="0.886">
    <system-out><![CDATA[18:08:04.700 [main] INFO org.springframework.test.context.support.AnnotationConfigContextLoaderUtils -- Could not detect default configuration classes for test class [com.reactivespring.MoviesServiceApplicationTests]: MoviesServiceApplicationTests does not declare any static, non-private, non-final, nested classes annotated with @Configuration.
18:08:04.748 [main] INFO org.springframework.boot.test.context.SpringBootTestContextBootstrapper -- Found @SpringBootConfiguration com.reactivespring.MoviesInfoServiceApplication for test class com.reactivespring.MoviesServiceApplicationTests
  .   ____          _            __ _ _
 /\\ / ___'_ __ _ _(_)_ __  __ _ \ \ \ \
( ( )\___ | '_ | '_| | '_ \/ _` | \ \ \ \
 \\/  ___)| |_)| | | | | || (_| |  ) ) ) )
  '  |____| .__|_| |_|_| |_\__, | / / / /
 =========|_|==============|___/=/_/_/_/

 :: Spring Boot ::                (v3.3.0)

2024-12-14T18:08:04.924+05:30  INFO 32168 --- [           main] c.r.MoviesServiceApplicationTests        : Starting MoviesServiceApplicationTests using Java 21.0.5 with PID 32168 (started by sohailkhan in /Users/sohailkhan/Downloads/reactive-spring-webflux-main/movies-info-service)
2024-12-14T18:08:04.925+05:30  INFO 32168 --- [           main] c.r.MoviesServiceApplicationTests        : The following 1 profile is active: "test"
2024-12-14T18:08:05.060+05:30  INFO 32168 --- [           main] .s.d.r.c.RepositoryConfigurationDelegate : Bootstrapping Spring Data Reactive MongoDB repositories in DEFAULT mode.
2024-12-14T18:08:05.121+05:30  INFO 32168 --- [           main] .s.d.r.c.RepositoryConfigurationDelegate : Finished Spring Data repository scanning in 59 ms. Found 1 Reactive MongoDB repository interface.
2024-12-14T18:08:05.385+05:30  INFO 32168 --- [           main] org.mongodb.driver.client                : MongoClient with metadata {"application": {"name": "Cluster0"}, "driver": {"name": "mongo-java-driver|reactive-streams|spring-boot", "version": "5.0.1"}, "os": {"type": "Darwin", "name": "Mac OS X", "architecture": "aarch64", "version": "15.1.1"}, "platform": "Java/Homebrew/21.0.5"} created with settings MongoClientSettings{readPreference=primary, writeConcern=WriteConcern{w=majority, wTimeout=null ms, journal=null}, retryWrites=true, retryReads=true, readConcern=ReadConcern{level=null}, credential=MongoCredential{mechanism=null, userName='sohailkhan9770365', source='admin', password=<hidden>, mechanismProperties=<hidden>}, transportSettings=NettyTransportSettings{eventLoopGroup=io.netty.channel.nio.NioEventLoopGroup@6bcb12e6, socketChannelClass=null, allocator=null, sslContext=null}, commandListeners=[], codecRegistry=ProvidersCodecRegistry{codecProviders=[ValueCodecProvider{}, BsonValueCodecProvider{}, DBRefCodecProvider{}, DBObjectCodecProvider{}, DocumentCodecProvider{}, CollectionCodecProvider{}, IterableCodecProvider{}, MapCodecProvider{}, GeoJsonCodecProvider{}, GridFSFileCodecProvider{}, Jsr310CodecProvider{}, JsonObjectCodecProvider{}, BsonCodecProvider{}, EnumCodecProvider{}, com.mongodb.client.model.mql.ExpressionCodecProvider@111d5c97, com.mongodb.Jep395RecordCodecProvider@29c17c3d, com.mongodb.KotlinCodecProvider@250a9031]}, loggerSettings=LoggerSettings{maxDocumentLength=1000}, clusterSettings={hosts=[127.0.0.1:27017], srvHost=cluster0.tbzhg.mongodb.net, srvServiceName=mongodb, mode=MULTIPLE, requiredClusterType=REPLICA_SET, requiredReplicaSetName='atlas-7caju8-shard-0', serverSelector='null', clusterListeners='[]', serverSelectionTimeout='30000 ms', localThreshold='15 ms'}, socketSettings=SocketSettings{connectTimeoutMS=10000, readTimeoutMS=0, receiveBufferSize=0, proxySettings=ProxySettings{host=null, port=null, username=null, password=null}}, heartbeatSocketSettings=SocketSettings{connectTimeoutMS=10000, readTimeoutMS=10000, receiveBufferSize=0, proxySettings=ProxySettings{host=null, port=null, username=null, password=null}}, connectionPoolSettings=ConnectionPoolSettings{maxSize=100, minSize=0, maxWaitTimeMS=120000, maxConnectionLifeTimeMS=0, maxConnectionIdleTimeMS=0, maintenanceInitialDelayMS=0, maintenanceFrequencyMS=60000, connectionPoolListeners=[], maxConnecting=2}, serverSettings=ServerSettings{heartbeatFrequencyMS=10000, minHeartbeatFrequencyMS=500, serverListeners='[]', serverMonitorListeners='[]'}, sslSettings=SslSettings{enabled=true, invalidHostNameAllowed=false, context=null}, applicationName='Cluster0', compressorList=[], uuidRepresentation=JAVA_LEGACY, serverApi=null, autoEncryptionSettings=null, dnsClient=null, inetAddressResolver=null, contextProvider=null}
2024-12-14T18:08:05.434+05:30  INFO 32168 --- [zhg.mongodb.net] org.mongodb.driver.cluster               : Adding discovered server cluster0-shard-00-00.tbzhg.mongodb.net:27017 to client view of cluster
2024-12-14T18:08:05.444+05:30  INFO 32168 --- [zhg.mongodb.net] org.mongodb.driver.cluster               : Adding discovered server cluster0-shard-00-01.tbzhg.mongodb.net:27017 to client view of cluster
2024-12-14T18:08:05.453+05:30  INFO 32168 --- [zhg.mongodb.net] org.mongodb.driver.cluster               : Adding discovered server cluster0-shard-00-02.tbzhg.mongodb.net:27017 to client view of cluster
2024-12-14T18:08:05.564+05:30  INFO 32168 --- [           main] c.r.MoviesServiceApplicationTests        : Started MoviesServiceApplicationTests in 0.79 seconds (process running for 1.181)
2024-12-14T18:08:05.799+05:30  INFO 32168 --- [ngodb.net:27017] org.mongodb.driver.cluster               : Monitor thread successfully connected to server with description ServerDescription{address=cluster0-shard-00-00.tbzhg.mongodb.net:27017, type=REPLICA_SET_SECONDARY, state=CONNECTED, ok=true, minWireVersion=0, maxWireVersion=25, maxDocumentSize=16777216, logicalSessionTimeoutMinutes=30, roundTripTimeNanos=172139875, setName='atlas-7caju8-shard-0', canonicalAddress=cluster0-shard-00-00.tbzhg.mongodb.net:27017, hosts=[cluster0-shard-00-01.tbzhg.mongodb.net:27017, cluster0-shard-00-00.tbzhg.mongodb.net:27017, cluster0-shard-00-02.tbzhg.mongodb.net:27017], passives=[], arbiters=[], primary='cluster0-shard-00-02.tbzhg.mongodb.net:27017', tagSet=TagSet{[Tag{name='availabilityZone', value='1'}, Tag{name='diskState', value='READY'}, Tag{name='nodeType', value='ELECTABLE'}, Tag{name='provider', value='AZURE'}, Tag{name='region', value='INDIA_CENTRAL'}, Tag{name='workloadType', value='OPERATIONAL'}]}, electionId=null, setVersion=17, topologyVersion=TopologyVersion{processId=6758b1efd69f716f3e44baf6, counter=4}, lastWriteDate=Sat Dec 14 18:08:05 IST 2024, lastUpdateTimeNanos=47741017703541}
2024-12-14T18:08:05.799+05:30  INFO 32168 --- [ngodb.net:27017] org.mongodb.driver.cluster               : Monitor thread successfully connected to server with description ServerDescription{address=cluster0-shard-00-02.tbzhg.mongodb.net:27017, type=REPLICA_SET_PRIMARY, state=CONNECTED, ok=true, minWireVersion=0, maxWireVersion=25, maxDocumentSize=16777216, logicalSessionTimeoutMinutes=30, roundTripTimeNanos=173615459, setName='atlas-7caju8-shard-0', canonicalAddress=cluster0-shard-00-02.tbzhg.mongodb.net:27017, hosts=[cluster0-shard-00-01.tbzhg.mongodb.net:27017, cluster0-shard-00-00.tbzhg.mongodb.net:27017, cluster0-shard-00-02.tbzhg.mongodb.net:27017], passives=[], arbiters=[], primary='cluster0-shard-00-02.tbzhg.mongodb.net:27017', tagSet=TagSet{[Tag{name='availabilityZone', value='3'}, Tag{name='diskState', value='READY'}, Tag{name='nodeType', value='ELECTABLE'}, Tag{name='provider', value='AZURE'}, Tag{name='region', value='INDIA_CENTRAL'}, Tag{name='workloadType', value='OPERATIONAL'}]}, electionId=7fffffff000000000000003a, setVersion=17, topologyVersion=TopologyVersion{processId=6758b21d13136ebdb2991bfb, counter=6}, lastWriteDate=Sat Dec 14 18:08:05 IST 2024, lastUpdateTimeNanos=47741018036083}
2024-12-14T18:08:05.802+05:30  INFO 32168 --- [ngodb.net:27017] org.mongodb.driver.cluster               : Discovered replica set primary cluster0-shard-00-02.tbzhg.mongodb.net:27017 with max election id 7fffffff000000000000003a and max set version 17
Saved Movie: MovieInfo(movieInfoId=abc, name=Dark Knight Rises, year=2010, cast=[Christian Bale, Tom Hardy], release_date=2012-07-20)
]]></system-out>
    <system-err><![CDATA[WARNING: A Java agent has been loaded dynamically (/Users/sohailkhan/.m2/repository/net/bytebuddy/byte-buddy-agent/1.14.16/byte-buddy-agent-1.14.16.jar)
WARNING: If a serviceability tool is in use, please run with -XX:+EnableDynamicAgentLoading to hide this warning
WARNING: If a serviceability tool is not in use, please run with -Djdk.instrument.traceUsage for more information
WARNING: Dynamic loading of agents will be disallowed by default in a future release
]]></system-err>
  </testcase>
  <testcase name="saveMovieInfo" classname="com.reactivespring.MoviesServiceApplicationTests" time="0.083">
    <system-out><![CDATA[2024-12-14T18:08:06.485+05:30  INFO 32168 --- [           main] reactor.Mono.UsingWhen.1                 : onSubscribe(MonoUsingWhen.MonoUsingWhenSubscriber)
2024-12-14T18:08:06.485+05:30  INFO 32168 --- [           main] reactor.Mono.UsingWhen.1                 : request(unbounded)
2024-12-14T18:08:06.513+05:30  INFO 32168 --- [ntLoopGroup-2-6] reactor.Mono.UsingWhen.1                 : onNext(MovieInfo(movieInfoId=675d7c2ee639b20a524e8e33, name=Dark Knight Rises 01, year=2012, cast=[Christian Bale, Tom Hardy], release_date=2012-07-20))
2024-12-14T18:08:06.514+05:30  INFO 32168 --- [ntLoopGroup-2-6] reactor.Mono.UsingWhen.1                 : onComplete()
]]></system-out>
  </testcase>
  <testcase name="getAllMovies" classname="com.reactivespring.MoviesServiceApplicationTests" time="0.09">
    <system-out><![CDATA[2024-12-14T18:08:06.569+05:30  INFO 32168 --- [           main] reactor.Flux.UsingWhen.2                 : onSubscribe(FluxUsingWhen.UsingWhenSubscriber)
2024-12-14T18:08:06.569+05:30  INFO 32168 --- [           main] reactor.Flux.UsingWhen.2                 : request(unbounded)
2024-12-14T18:08:06.606+05:30  INFO 32168 --- [ntLoopGroup-2-7] reactor.Flux.UsingWhen.2                 : onNext(MovieInfo(movieInfoId=675d7c2ee639b20a524e8e34, name=Batman Begins, year=2005, cast=[Christian Bale, Michael Cane], release_date=2005-06-15))
2024-12-14T18:08:06.606+05:30  INFO 32168 --- [ntLoopGroup-2-7] reactor.Flux.UsingWhen.2                 : onNext(MovieInfo(movieInfoId=675d7c2ee639b20a524e8e35, name=The Dark Knight, year=2008, cast=[Christian Bale, HeathLedger], release_date=2008-07-18))
2024-12-14T18:08:06.606+05:30  INFO 32168 --- [ntLoopGroup-2-7] reactor.Flux.UsingWhen.2                 : onNext(MovieInfo(movieInfoId=abc, name=Dark Knight Rises, year=2012, cast=[Christian Bale, Tom Hardy], release_date=2012-07-20))
2024-12-14T18:08:06.606+05:30  INFO 32168 --- [ntLoopGroup-2-7] reactor.Flux.UsingWhen.2                 : onComplete()
]]></system-out>
  </testcase>
  <testcase name="contextLoads" classname="com.reactivespring.MoviesServiceApplicationTests" time="0.051"/>
  <testcase name="getMovieById" classname="com.reactivespring.MoviesServiceApplicationTests" time="0.072">
    <system-out><![CDATA[2024-12-14T18:08:06.710+05:30  INFO 32168 --- [           main] reactor.Mono.UsingWhen.3                 : onSubscribe(MonoUsingWhen.MonoUsingWhenSubscriber)
2024-12-14T18:08:06.710+05:30  INFO 32168 --- [           main] reactor.Mono.UsingWhen.3                 : request(unbounded)
2024-12-14T18:08:06.730+05:30  INFO 32168 --- [ntLoopGroup-2-7] reactor.Mono.UsingWhen.3                 : onNext(MovieInfo(movieInfoId=abc, name=Dark Knight Rises, year=2012, cast=[Christian Bale, Tom Hardy], release_date=2012-07-20))
2024-12-14T18:08:06.731+05:30  INFO 32168 --- [ntLoopGroup-2-7] reactor.Mono.UsingWhen.3                 : onComplete()
]]></system-out>
  </testcase>
  <testcase name="getMovieByName" classname="com.reactivespring.MoviesServiceApplicationTests" time="0.077">
    <system-out><![CDATA[2024-12-14T18:08:06.786+05:30  INFO 32168 --- [           main] reactor.Mono.Next.4                      : onSubscribe(MonoNext.NextSubscriber)
2024-12-14T18:08:06.787+05:30  INFO 32168 --- [           main] reactor.Mono.Next.4                      : request(unbounded)
2024-12-14T18:08:06.807+05:30  INFO 32168 --- [ntLoopGroup-2-7] reactor.Mono.Next.4                      : onNext(MovieInfo(movieInfoId=675d7c2ee639b20a524e8e3a, name=Batman Begins, year=2005, cast=[Christian Bale, Michael Cane], release_date=2005-06-15))
2024-12-14T18:08:06.807+05:30  INFO 32168 --- [ntLoopGroup-2-7] reactor.Mono.Next.4                      : onComplete()
]]></system-out>
  </testcase>
  <testcase name="deleteMovieInfo" classname="com.reactivespring.MoviesServiceApplicationTests" time="0.09">
    <system-out><![CDATA[2024-12-14T18:08:06.882+05:30  INFO 32168 --- [           main] reactor.Flux.UsingWhen.5                 : onSubscribe(FluxUsingWhen.UsingWhenSubscriber)
2024-12-14T18:08:06.882+05:30  INFO 32168 --- [           main] reactor.Flux.UsingWhen.5                 : request(unbounded)
2024-12-14T18:08:06.901+05:30  INFO 32168 --- [ntLoopGroup-2-5] reactor.Flux.UsingWhen.5                 : onNext(MovieInfo(movieInfoId=675d7c2ee639b20a524e8e3c, name=Batman Begins, year=2005, cast=[Christian Bale, Michael Cane], release_date=2005-06-15))
2024-12-14T18:08:06.901+05:30  INFO 32168 --- [ntLoopGroup-2-5] reactor.Flux.UsingWhen.5                 : onNext(MovieInfo(movieInfoId=675d7c2ee639b20a524e8e3d, name=The Dark Knight, year=2008, cast=[Christian Bale, HeathLedger], release_date=2008-07-18))
2024-12-14T18:08:06.901+05:30  INFO 32168 --- [ntLoopGroup-2-5] reactor.Flux.UsingWhen.5                 : onComplete()
]]></system-out>
  </testcase>
</testsuite>